<?xml version="1.0" encoding="UTF-8"?>
<!-- Generated by org.testng.reporters.JUnitReportReporter -->
<testsuite hostname="DESKTOP-F9G86R8" failures="0" tests="6" name="org.project.Seleniumtestngproject.Testclasstwo" time="49.545" errors="0" timestamp="2025-03-27T10:06:29 IST" skipped="0">
  <testcase classname="org.project.Seleniumtestngproject.Testclasstwo" name="seleniumRadioButtons" time="5.461"/>
  <system-out/>
  <testcase classname="org.project.Seleniumtestngproject.Testclasstwo" name="windowHandlesExercisetwo" time="10.087"/>
  <system-out/>
  <testcase classname="org.project.Seleniumtestngproject.Testclasstwo" name="numberOfFramesInWebpage" time="6.279"/>
  <system-out/>
  <testcase classname="org.project.Seleniumtestngproject.Testclasstwo" name="seleniumIframes" time="5.598"/>
  <system-out/>
  <testcase classname="org.project.Seleniumtestngproject.Testclasstwo" name="checkBox" time="9.228"/>
  <system-out/>
  <testcase classname="org.project.Seleniumtestngproject.Testclasstwo" name="windowHandlesExercise" time="12.892"/>
  <system-out/>
</testsuite> <!-- org.project.Seleniumtestngproject.Testclasstwo -->
