<?xml version="1.0" encoding="UTF-8"?>
<!-- Generated by org.testng.reporters.JUnitReportReporter -->
<testsuite hostname="DESKTOP-F9G86R8" failures="0" tests="7" name="org.project.Seleniumtestngproject.Testclassone" time="56.002" errors="0" timestamp="2025-03-27T10:06:29 IST" skipped="0">
  <testcase classname="org.project.Seleniumtestngproject.Testclassone" name="scrollaWebPage" time="6.014"/>
  <system-out/>
  <testcase classname="org.project.Seleniumtestngproject.Testclassone" name="seleniumAlerts" time="6.413"/>
  <system-out/>
  <testcase classname="org.project.Seleniumtestngproject.Testclassone" name="brokenLink" time="8.052"/>
  <system-out/>
  <testcase classname="org.project.Seleniumtestngproject.Testclassone" name="seleniumPromptAlerts" time="8.990"/>
  <system-out/>
  <testcase classname="org.project.Seleniumtestngproject.Testclassone" name="waysToReloadWebPage" time="9.201"/>
  <system-out/>
  <testcase classname="org.project.Seleniumtestngproject.Testclassone" name="screenShot" time="7.946"/>
  <system-out/>
  <testcase classname="org.project.Seleniumtestngproject.Testclassone" name="seleniumDropDown" time="9.386"/>
  <system-out/>
</testsuite> <!-- org.project.Seleniumtestngproject.Testclassone -->
